Determining if the pthread_create exist failed with the following output:
Change Dir: /mnt/c/Peregrine_PrimeNumbers/PrimeNumbers_Multithreading/primes_mul/CMakeFiles/CMakeTmp

Run Build Command:"/usr/bin/make" "cmTC_1505c/fast"
/usr/bin/make -f CMakeFiles/cmTC_1505c.dir/build.make CMakeFiles/cmTC_1505c.dir/build
make[1]: Entering directory '/mnt/c/Peregrine_PrimeNumbers/PrimeNumbers_Multithreading/primes_mul/CMakeFiles/CMakeTmp'
Building C object CMakeFiles/cmTC_1505c.dir/CheckSymbolExists.c.o
/usr/bin/cc    -o CMakeFiles/cmTC_1505c.dir/CheckSymbolExists.c.o   -c /mnt/c/Peregrine_PrimeNumbers/PrimeNumbers_Multithreading/primes_mul/CMakeFiles/CMakeTmp/CheckSymbolExists.c
Linking C executable cmTC_1505c
/usr/bin/cmake -E cmake_link_script CMakeFiles/cmTC_1505c.dir/link.txt --verbose=1
/usr/bin/cc      CMakeFiles/cmTC_1505c.dir/CheckSymbolExists.c.o  -o cmTC_1505c 
CMakeFiles/cmTC_1505c.dir/CheckSymbolExists.c.o: In function `main':
CheckSymbolExists.c:(.text+0x1b): undefined reference to `pthread_create'
collect2: error: ld returned 1 exit status
CMakeFiles/cmTC_1505c.dir/build.make:97: recipe for target 'cmTC_1505c' failed
make[1]: *** [cmTC_1505c] Error 1
make[1]: Leaving directory '/mnt/c/Peregrine_PrimeNumbers/PrimeNumbers_Multithreading/primes_mul/CMakeFiles/CMakeTmp'
Makefile:126: recipe for target 'cmTC_1505c/fast' failed
make: *** [cmTC_1505c/fast] Error 2

File /mnt/c/Peregrine_PrimeNumbers/PrimeNumbers_Multithreading/primes_mul/CMakeFiles/CMakeTmp/CheckSymbolExists.c:
/* */
#include <pthread.h>

int main(int argc, char** argv)
{
  (void)argv;
#ifndef pthread_create
  return ((int*)(&pthread_create))[argc];
#else
  (void)argc;
  return 0;
#endif
}

Determining if the function pthread_create exists in the pthreads failed with the following output:
Change Dir: /mnt/c/Peregrine_PrimeNumbers/PrimeNumbers_Multithreading/primes_mul/CMakeFiles/CMakeTmp

Run Build Command:"/usr/bin/make" "cmTC_5d501/fast"
/usr/bin/make -f CMakeFiles/cmTC_5d501.dir/build.make CMakeFiles/cmTC_5d501.dir/build
make[1]: Entering directory '/mnt/c/Peregrine_PrimeNumbers/PrimeNumbers_Multithreading/primes_mul/CMakeFiles/CMakeTmp'
Building C object CMakeFiles/cmTC_5d501.dir/CheckFunctionExists.c.o
/usr/bin/cc   -DCHECK_FUNCTION_EXISTS=pthread_create   -o CMakeFiles/cmTC_5d501.dir/CheckFunctionExists.c.o   -c /usr/share/cmake-3.10/Modules/CheckFunctionExists.c
Linking C executable cmTC_5d501
/usr/bin/cmake -E cmake_link_script CMakeFiles/cmTC_5d501.dir/link.txt --verbose=1
/usr/bin/cc  -DCHECK_FUNCTION_EXISTS=pthread_create    CMakeFiles/cmTC_5d501.dir/CheckFunctionExists.c.o  -o cmTC_5d501 -lpthreads 
/usr/bin/ld: cannot find -lpthreads
collect2: error: ld returned 1 exit status
CMakeFiles/cmTC_5d501.dir/build.make:97: recipe for target 'cmTC_5d501' failed
make[1]: *** [cmTC_5d501] Error 1
make[1]: Leaving directory '/mnt/c/Peregrine_PrimeNumbers/PrimeNumbers_Multithreading/primes_mul/CMakeFiles/CMakeTmp'
Makefile:126: recipe for target 'cmTC_5d501/fast' failed
make: *** [cmTC_5d501/fast] Error 2


